[{"line":2,"elements":[{"start_timestamp":"2023-02-21T09:02:32.385Z","before":[{"result":{"duration":1745000,"status":"passed"},"match":{"location":"stepDefinitions.Hooks.setUp()"}}],"line":3,"name":"Register User","description":"","id":"testcase01;register-user","after":[{"result":{"error_message":"java.lang.NoClassDefFoundError: Could not initialize class utilities.ConfigReader\n\tat utilities.Driver.getDriver(Driver.java:22)\n\tat stepDefinitions.Hooks.tearDown(Hooks.java:23)\n","duration":1392000,"status":"failed"},"match":{"location":"stepDefinitions.Hooks.tearDown(io.cucumber.java.Scenario)"}}],"type":"scenario","keyword":"Scenario","steps":[{"result":{"error_message":"io.cucumber.core.exception.CucumberException: Failed to instantiate class stepDefinitions.StepDefinitionsTestCase01\n\tat io.cucumber.core.backend.DefaultObjectFactory.cacheNewInstance(DefaultObjectFactory.java:67)\n\tat io.cucumber.core.backend.DefaultObjectFactory.getInstance(DefaultObjectFactory.java:45)\n\tat io.cucumber.java.AbstractGlueDefinition.invokeMethod(AbstractGlueDefinition.java:47)\n\tat io.cucumber.java.JavaStepDefinition.execute(JavaStepDefinition.java:29)\n\tat io.cucumber.core.runner.CoreStepDefinition.execute(CoreStepDefinition.java:66)\n\tat io.cucumber.core.runner.PickleStepDefinitionMatch.runStep(PickleStepDefinitionMatch.java:63)\n\tat io.cucumber.core.runner.ExecutionMode$1.execute(ExecutionMode.java:10)\n\tat io.cucumber.core.runner.TestStep.executeStep(TestStep.java:85)\n\tat io.cucumber.core.runner.TestStep.run(TestStep.java:57)\n\tat io.cucumber.core.runner.PickleStepTestStep.run(PickleStepTestStep.java:51)\n\tat io.cucumber.core.runner.TestCase.run(TestCase.java:84)\n\tat io.cucumber.core.runner.Runner.runPickle(Runner.java:75)\n\tat io.cucumber.junit.PickleRunners$NoStepDescriptions.lambda$run$0(PickleRunners.java:151)\n\tat io.cucumber.core.runtime.CucumberExecutionContext.lambda$runTestCase$5(CucumberExecutionContext.java:129)\n\tat io.cucumber.core.runtime.RethrowingThrowableCollector.executeAndThrow(RethrowingThrowableCollector.java:23)\n\tat io.cucumber.core.runtime.CucumberExecutionContext.runTestCase(CucumberExecutionContext.java:129)\n\tat io.cucumber.junit.PickleRunners$NoStepDescriptions.run(PickleRunners.java:148)\n\tat io.cucumber.junit.FeatureRunner.runChild(FeatureRunner.java:144)\n\tat io.cucumber.junit.FeatureRunner.runChild(FeatureRunner.java:28)\n\tat org.junit.runners.ParentRunner$4.run(ParentRunner.java:331)\n\tat org.junit.runners.ParentRunner$1.schedule(ParentRunner.java:79)\n\tat org.junit.runners.ParentRunner.runChildren(ParentRunner.java:329)\n\tat org.junit.runners.ParentRunner.access$100(ParentRunner.java:66)\n\tat org.junit.runners.ParentRunner$2.evaluate(ParentRunner.java:293)\n\tat org.junit.runners.ParentRunner$3.evaluate(ParentRunner.java:306)\n\tat org.junit.runners.ParentRunner.run(ParentRunner.java:413)\n\tat io.cucumber.junit.FeatureRunner.run(FeatureRunner.java:137)\n\tat io.cucumber.junit.Cucumber.runChild(Cucumber.java:196)\n\tat io.cucumber.junit.Cucumber.runChild(Cucumber.java:89)\n\tat org.junit.runners.ParentRunner$4.run(ParentRunner.java:331)\n\tat org.junit.runners.ParentRunner$1.schedule(ParentRunner.java:79)\n\tat org.junit.runners.ParentRunner.runChildren(ParentRunner.java:329)\n\tat org.junit.runners.ParentRunner.access$100(ParentRunner.java:66)\n\tat org.junit.runners.ParentRunner$2.evaluate(ParentRunner.java:293)\n\tat io.cucumber.junit.Cucumber$RunBeforeAllHooks.evaluate(Cucumber.java:266)\n\tat io.cucumber.junit.Cucumber$RunAfterAllHooks.evaluate(Cucumber.java:281)\n\tat io.cucumber.junit.Cucumber$StartTestRun.evaluate(Cucumber.java:233)\n\tat io.cucumber.junit.Cucumber$FinishTestRun.evaluate(Cucumber.java:248)\n\tat org.junit.runners.ParentRunner$3.evaluate(ParentRunner.java:306)\n\tat org.junit.runners.ParentRunner.run(ParentRunner.java:413)\n\tat org.junit.runner.JUnitCore.run(JUnitCore.java:137)\n\tat com.intellij.junit4.JUnit4IdeaTestRunner.startRunnerWithArgs(JUnit4IdeaTestRunner.java:69)\n\tat com.intellij.rt.junit.IdeaTestRunner$Repeater$1.execute(IdeaTestRunner.java:38)\n\tat com.intellij.rt.execution.junit.TestsRepeater.repeat(TestsRepeater.java:11)\n\tat com.intellij.rt.junit.IdeaTestRunner$Repeater.startRunnerWithArgs(IdeaTestRunner.java:35)\n\tat com.intellij.rt.junit.JUnitStarter.prepareStreamsAndStart(JUnitStarter.java:235)\n\tat com.intellij.rt.junit.JUnitStarter.main(JUnitStarter.java:54)\nCaused by: java.lang.reflect.InvocationTargetException\n\tat java.base/jdk.internal.reflect.NativeConstructorAccessorImpl.newInstance0(Native Method)\n\tat java.base/jdk.internal.reflect.NativeConstructorAccessorImpl.newInstance(NativeConstructorAccessorImpl.java:62)\n\tat java.base/jdk.internal.reflect.DelegatingConstructorAccessorImpl.newInstance(DelegatingConstructorAccessorImpl.java:45)\n\tat java.base/java.lang.reflect.Constructor.newInstance(Constructor.java:490)\n\tat io.cucumber.core.backend.DefaultObjectFactory.cacheNewInstance(DefaultObjectFactory.java:53)\n\t... 46 more\nCaused by: java.lang.ExceptionInInitializerError\n\tat utilities.Driver.getDriver(Driver.java:22)\n\tat pages.PageTestCase01.<init>(PageTestCase01.java:9)\n\tat stepDefinitions.StepDefinitionsTestCase01.<init>(StepDefinitionsTestCase01.java:18)\n\t... 51 more\nCaused by: java.lang.RuntimeException: java.io.FileNotFoundException: configuration.properties (No such file or directory)\n\tat utilities.ConfigReader.<clinit>(ConfigReader.java:19)\n\t... 54 more\nCaused by: java.io.FileNotFoundException: configuration.properties (No such file or directory)\n\tat java.base/java.io.FileInputStream.open0(Native Method)\n\tat java.base/java.io.FileInputStream.open(FileInputStream.java:219)\n\tat java.base/java.io.FileInputStream.<init>(FileInputStream.java:157)\n\tat java.base/java.io.FileInputStream.<init>(FileInputStream.java:112)\n\tat utilities.ConfigReader.<clinit>(ConfigReader.java:15)\n\t... 54 more\n","duration":19629000,"status":"failed"},"line":5,"name":"Navigate to url","match":{"location":"stepDefinitions.StepDefinitionsTestCase01.navigateToUrl()"},"keyword":"Given "},{"result":{"duration":2445000,"status":"skipped"},"line":6,"name":"Verify that home page is visible successfully","match":{"location":"stepDefinitions.StepDefinitionsTestCase01.verifyThatHomePageIsVisibleSuccessfully()"},"keyword":"When "},{"result":{"duration":204000,"status":"skipped"},"line":7,"name":"Click on Signup Login button","match":{"location":"stepDefinitions.StepDefinitionsTestCase01.clickOnSignupLoginButton()"},"keyword":"Then "},{"result":{"duration":5338000,"status":"skipped"},"line":8,"name":"Verify New User Signup is visible","match":{"location":"stepDefinitions.StepDefinitionsTestCase01.verifyNewUserSignupIsVisible()"},"keyword":"And "},{"result":{"duration":157000,"status":"skipped"},"line":9,"name":"Enter name and email address","match":{"location":"stepDefinitions.StepDefinitionsTestCase01.enterNameAndEmailAddress()"},"keyword":"And "},{"result":{"duration":117000,"status":"skipped"},"line":10,"name":"Click Signup button","match":{"location":"stepDefinitions.StepDefinitionsTestCase01.clickSignupButton()"},"keyword":"And "},{"result":{"duration":171000,"status":"skipped"},"line":11,"name":"Verify that ENTER ACCOUNT INFORMATION is visible","match":{"location":"stepDefinitions.StepDefinitionsTestCase01.verifyThatENTERACCOUNTINFORMATIONIsVisible()"},"keyword":"And "},{"result":{"duration":117000,"status":"skipped"},"line":12,"name":"Fill details: Title, Name, Email, Password, Date of birth","match":{"location":"stepDefinitions.StepDefinitionsTestCase01.fillDetailsTitleNameEmailPasswordDateOfBirth()"},"keyword":"And "},{"result":{"duration":108000,"status":"skipped"},"line":13,"name":"Select checkbox Sign up for our newsletter!","match":{"location":"stepDefinitions.StepDefinitionsTestCase01.selectCheckboxSignUpForOurNewsletter()"},"keyword":"And "},{"result":{"duration":205000,"status":"skipped"},"line":14,"name":"Select checkbox Receive special offers from our partners","match":{"location":"stepDefinitions.StepDefinitionsTestCase01.selectCheckboxReceiveSpecialOffersFromOurPartners()"},"keyword":"And "},{"result":{"duration":193000,"status":"skipped"},"line":15,"name":"Fill details: First name, Last name, Company, Address, Address2, Country, State, City, Zipcode, Mobile Number","match":{"arguments":[{"val":"2","offset":62}],"location":"stepDefinitions.StepDefinitionsTestCase01.fillDetailsFirstNameLastNameCompanyAddressAddressCountryStateCityZipcodeMobileNumber(int)"},"keyword":"And "},{"result":{"duration":209000,"status":"skipped"},"line":16,"name":"Click Create Account button","match":{"location":"stepDefinitions.StepDefinitionsTestCase01.clickCreateAccountButton()"},"keyword":"And "},{"result":{"duration":230000,"status":"skipped"},"line":17,"name":"Verify that ACCOUNT CREATED is visible","match":{"location":"stepDefinitions.StepDefinitionsTestCase01.verifyThatACCOUNTCREATEDIsVisible()"},"keyword":"And "},{"result":{"duration":173000,"status":"skipped"},"line":18,"name":"Click Continue button","match":{"location":"stepDefinitions.StepDefinitionsTestCase01.clickContinueButton()"},"keyword":"And "},{"result":{"duration":1118000,"status":"skipped"},"line":19,"name":"Verify that Logged in as username is visible","match":{"location":"stepDefinitions.StepDefinitionsTestCase01.verifyThatLoggedInAsUsernameIsVisible()"},"keyword":"And "},{"result":{"duration":288000,"status":"skipped"},"line":20,"name":"Click Delete Account button","match":{"location":"stepDefinitions.StepDefinitionsTestCase01.clickDeleteAccountButton()"},"keyword":"And "},{"result":{"duration":181000,"status":"skipped"},"line":21,"name":"Verify that ACCOUNT DELETED is visible and click Continue button","match":{"location":"stepDefinitions.StepDefinitionsTestCase01.verifyThatACCOUNTDELETEDIsVisibleAndClickContinueButton()"},"keyword":"And "}],"tags":[{"name":"@Ozan"}]}],"name":"TestCase01","description":"","id":"testcase01","keyword":"Feature","uri":"file:src/test/resources/features/TestCase01.feature","tags":[{"name":"@Ozan","type":"Tag","location":{"line":1,"column":1}}]}]