[{"line":3,"elements":[{"start_timestamp":"2023-02-26T18:27:46.567Z","line":4,"name":"Register User","description":"","id":"testcase01;register-user","type":"scenario","keyword":"Scenario","steps":[{"result":{"duration":12055834000,"status":"passed"},"line":6,"name":"Navigate to url","match":{"location":"stepDefinitions.StepDefinitionsTestCase01.navigateToUrl()"},"keyword":"Given "},{"result":{"duration":12450000,"status":"passed"},"line":7,"name":"Verify that home page is visible successfully","match":{"location":"stepDefinitions.StepDefinitionsTestCase01.verifyThatHomePageIsVisibleSuccessfully()"},"keyword":"When "},{"result":{"duration":2718067000,"status":"passed"},"line":8,"name":"Click on Signup Login button","match":{"location":"stepDefinitions.StepDefinitionsTestCase01.clickOnSignupLoginButton()"},"keyword":"Then "},{"result":{"duration":83814000,"status":"passed"},"line":9,"name":"Verify New User Signup is visible","match":{"location":"stepDefinitions.StepDefinitionsTestCase01.verifyNewUserSignupIsVisible()"},"keyword":"And "},{"result":{"duration":972491000,"status":"passed"},"line":10,"name":"Enter name and email address","match":{"location":"stepDefinitions.StepDefinitionsTestCase01.enterNameAndEmailAddress()"},"keyword":"And "},{"result":{"duration":2519533000,"status":"passed"},"line":11,"name":"Click Signup button","match":{"location":"stepDefinitions.StepDefinitionsTestCase01.clickSignupButton()"},"keyword":"And "},{"result":{"duration":1161447000,"status":"passed"},"line":12,"name":"Verify that ENTER ACCOUNT INFORMATION is visible","match":{"location":"stepDefinitions.StepDefinitionsTestCase01.verifyThatENTERACCOUNTINFORMATIONIsVisible()"},"keyword":"And "},{"result":{"duration":1266610000,"status":"passed"},"line":13,"name":"Fill details: Title, Name, Email, Password, Date of birth","match":{"location":"stepDefinitions.StepDefinitionsTestCase01.fillDetailsTitleNameEmailPasswordDateOfBirth()"},"keyword":"And "},{"result":{"duration":39792000,"status":"passed"},"line":14,"name":"Select checkbox Sign up for our newsletter!","match":{"location":"stepDefinitions.StepDefinitionsTestCase01.selectCheckboxSignUpForOurNewsletter()"},"keyword":"And "},{"result":{"duration":35940000,"status":"passed"},"line":15,"name":"Select checkbox Receive special offers from our partners","match":{"location":"stepDefinitions.StepDefinitionsTestCase01.selectCheckboxReceiveSpecialOffersFromOurPartners()"},"keyword":"And "},{"result":{"duration":2534910000,"status":"passed"},"line":16,"name":"Fill details: First name, Last name, Company, Address, Country, State, City, Zipcode, Mobile Number","match":{"location":"stepDefinitions.StepDefinitionsTestCase01.fillDetailsFirstNameLastNameCompanyAddressCountryStateCityZipcodeMobileNumber()"},"keyword":"And "},{"result":{"duration":3376984000,"status":"passed"},"line":17,"name":"Click Create Account button","match":{"location":"stepDefinitions.StepDefinitionsTestCase01.clickCreateAccountButton()"},"keyword":"And "},{"result":{"duration":961901000,"status":"passed"},"line":18,"name":"Verify that ACCOUNT CREATED is visible","match":{"location":"stepDefinitions.StepDefinitionsTestCase01.verifyThatACCOUNTCREATEDIsVisible()"},"keyword":"And "},{"result":{"duration":221813000,"status":"passed"},"line":19,"name":"Click Continue button","match":{"location":"stepDefinitions.StepDefinitionsTestCase01.clickContinueButton()"},"keyword":"And "},{"result":{"error_message":"org.openqa.selenium.NoSuchElementException: no such element: Unable to locate element: {\"method\":\"xpath\",\"selector\":\"//iframe[@id='ad_iframe']\"}\n  (Session info: chrome=110.0.5481.177)\nFor documentation on this error, please visit: https://selenium.dev/exceptions/#no_such_element\nBuild info: version: '4.6.0', revision: '79f1c02ae20'\nSystem info: os.name: 'Mac OS X', os.arch: 'x86_64', os.version: '11.5', java.version: '11.0.13'\nDriver info: org.openqa.selenium.chrome.ChromeDriver\nCommand: [b62c849b1ee1b570818186497efd1362, findElement {using=xpath, value=//iframe[@id='ad_iframe']}]\nCapabilities {acceptInsecureCerts: false, browserName: chrome, browserVersion: 110.0.5481.177, chrome: {chromedriverVersion: 110.0.5481.77 (65ed616c6e8e..., userDataDir: /var/folders/gf/pv8zlkyn7wd...}, goog:chromeOptions: {debuggerAddress: localhost:50079}, networkConnectionEnabled: false, pageLoadStrategy: normal, platformName: MAC, proxy: Proxy(), se:cdp: ws://localhost:50079/devtoo..., se:cdpVersion: 110.0.5481.177, setWindowRect: true, strictFileInteractability: false, timeouts: {implicit: 0, pageLoad: 300000, script: 30000}, unhandledPromptBehavior: dismiss and notify, webauthn:extension:credBlob: true, webauthn:extension:largeBlob: true, webauthn:virtualAuthenticators: true}\nSession ID: b62c849b1ee1b570818186497efd1362\n\tat java.base/jdk.internal.reflect.NativeConstructorAccessorImpl.newInstance0(Native Method)\n\tat java.base/jdk.internal.reflect.NativeConstructorAccessorImpl.newInstance(NativeConstructorAccessorImpl.java:62)\n\tat java.base/jdk.internal.reflect.DelegatingConstructorAccessorImpl.newInstance(DelegatingConstructorAccessorImpl.java:45)\n\tat java.base/java.lang.reflect.Constructor.newInstance(Constructor.java:490)\n\tat org.openqa.selenium.remote.codec.w3c.W3CHttpResponseCodec.createException(W3CHttpResponseCodec.java:200)\n\tat org.openqa.selenium.remote.codec.w3c.W3CHttpResponseCodec.decode(W3CHttpResponseCodec.java:133)\n\tat org.openqa.selenium.remote.codec.w3c.W3CHttpResponseCodec.decode(W3CHttpResponseCodec.java:53)\n\tat org.openqa.selenium.remote.HttpCommandExecutor.execute(HttpCommandExecutor.java:184)\n\tat org.openqa.selenium.remote.service.DriverCommandExecutor.invokeExecute(DriverCommandExecutor.java:167)\n\tat org.openqa.selenium.remote.service.DriverCommandExecutor.execute(DriverCommandExecutor.java:142)\n\tat org.openqa.selenium.remote.RemoteWebDriver.execute(RemoteWebDriver.java:541)\n\tat org.openqa.selenium.remote.ElementLocation$ElementFinder$2.findElement(ElementLocation.java:162)\n\tat org.openqa.selenium.remote.ElementLocation.findElement(ElementLocation.java:60)\n\tat org.openqa.selenium.remote.RemoteWebDriver.findElement(RemoteWebDriver.java:365)\n\tat org.openqa.selenium.remote.RemoteWebDriver.findElement(RemoteWebDriver.java:357)\n\tat org.openqa.selenium.support.pagefactory.DefaultElementLocator.findElement(DefaultElementLocator.java:70)\n\tat org.openqa.selenium.support.pagefactory.internal.LocatingElementHandler.invoke(LocatingElementHandler.java:39)\n\tat com.sun.proxy.$Proxy22.getWrappedElement(Unknown Source)\n\tat org.openqa.selenium.remote.internal.WebElementToJsonConverter.apply(WebElementToJsonConverter.java:51)\n\tat org.openqa.selenium.remote.RemoteWebDriver$RemoteTargetLocator.frame(RemoteWebDriver.java:1020)\n\tat stepDefinitions.StepDefinitionsTestCase01.verifyThatLoggedInAsUsernameIsVisible(StepDefinitionsTestCase01.java:145)\n\tat ✽.Verify that Logged in as username is visible(file:///Users/suedagulenc/Desktop/SOFTWARE%20DEVELOPMENT%20IN%20TEST/PROJECTS/AutomationExercise/src/test/resources/features/TestCase01.feature:20)\n","duration":15247313000,"status":"failed"},"line":20,"name":"Verify that Logged in as username is visible","match":{"location":"stepDefinitions.StepDefinitionsTestCase01.verifyThatLoggedInAsUsernameIsVisible()"},"keyword":"And "},{"result":{"duration":1489000,"status":"skipped"},"line":21,"name":"Click Delete Account button","match":{"location":"stepDefinitions.StepDefinitionsTestCase01.clickDeleteAccountButton()"},"keyword":"And "},{"result":{"duration":205000,"status":"skipped"},"line":22,"name":"Verify that ACCOUNT DELETED is visible and click Continue button","match":{"location":"stepDefinitions.StepDefinitionsTestCase01.verifyThatACCOUNTDELETEDIsVisibleAndClickContinueButton()"},"keyword":"And "}],"tags":[{"name":"@Ozan"},{"name":"@TC01"}]}],"name":"TestCase01","description":"","id":"testcase01","keyword":"Feature","uri":"file:src/test/resources/features/TestCase01.feature","tags":[{"name":"@Ozan","type":"Tag","location":{"line":1,"column":1}},{"name":"@TC01","type":"Tag","location":{"line":2,"column":1}}]},{"line":3,"elements":[{"start_timestamp":"2023-02-26T18:28:29.919Z","line":4,"name":"Login User with incorrect email and password","description":"","id":"testcase03;login-user-with-incorrect-email-and-password","type":"scenario","keyword":"Scenario","steps":[{"result":{"duration":2669829000,"status":"passed"},"line":6,"name":"Navigate to url","match":{"location":"stepDefinitions.StepDefinitionsTestCase01.navigateToUrl()"},"keyword":"Given "},{"result":{"duration":8445000,"status":"passed"},"line":7,"name":"Verify that home page is visible successfully","match":{"location":"stepDefinitions.StepDefinitionsTestCase01.verifyThatHomePageIsVisibleSuccessfully()"},"keyword":"When "},{"result":{"error_message":"org.openqa.selenium.NoSuchElementException: no such element: Unable to locate element: {\"method\":\"xpath\",\"selector\":\"//a[@href='/login']\"}\n  (Session info: chrome=110.0.5481.177)\nFor documentation on this error, please visit: https://selenium.dev/exceptions/#no_such_element\nBuild info: version: '4.6.0', revision: '79f1c02ae20'\nSystem info: os.name: 'Mac OS X', os.arch: 'x86_64', os.version: '11.5', java.version: '11.0.13'\nDriver info: org.openqa.selenium.chrome.ChromeDriver\nCommand: [b62c849b1ee1b570818186497efd1362, findElement {using=xpath, value=//a[@href='/login']}]\nCapabilities {acceptInsecureCerts: false, browserName: chrome, browserVersion: 110.0.5481.177, chrome: {chromedriverVersion: 110.0.5481.77 (65ed616c6e8e..., userDataDir: /var/folders/gf/pv8zlkyn7wd...}, goog:chromeOptions: {debuggerAddress: localhost:50079}, networkConnectionEnabled: false, pageLoadStrategy: normal, platformName: MAC, proxy: Proxy(), se:cdp: ws://localhost:50079/devtoo..., se:cdpVersion: 110.0.5481.177, setWindowRect: true, strictFileInteractability: false, timeouts: {implicit: 0, pageLoad: 300000, script: 30000}, unhandledPromptBehavior: dismiss and notify, webauthn:extension:credBlob: true, webauthn:extension:largeBlob: true, webauthn:virtualAuthenticators: true}\nSession ID: b62c849b1ee1b570818186497efd1362\n\tat java.base/jdk.internal.reflect.NativeConstructorAccessorImpl.newInstance0(Native Method)\n\tat java.base/jdk.internal.reflect.NativeConstructorAccessorImpl.newInstance(NativeConstructorAccessorImpl.java:62)\n\tat java.base/jdk.internal.reflect.DelegatingConstructorAccessorImpl.newInstance(DelegatingConstructorAccessorImpl.java:45)\n\tat java.base/java.lang.reflect.Constructor.newInstance(Constructor.java:490)\n\tat org.openqa.selenium.remote.codec.w3c.W3CHttpResponseCodec.createException(W3CHttpResponseCodec.java:200)\n\tat org.openqa.selenium.remote.codec.w3c.W3CHttpResponseCodec.decode(W3CHttpResponseCodec.java:133)\n\tat org.openqa.selenium.remote.codec.w3c.W3CHttpResponseCodec.decode(W3CHttpResponseCodec.java:53)\n\tat org.openqa.selenium.remote.HttpCommandExecutor.execute(HttpCommandExecutor.java:184)\n\tat org.openqa.selenium.remote.service.DriverCommandExecutor.invokeExecute(DriverCommandExecutor.java:167)\n\tat org.openqa.selenium.remote.service.DriverCommandExecutor.execute(DriverCommandExecutor.java:142)\n\tat org.openqa.selenium.remote.RemoteWebDriver.execute(RemoteWebDriver.java:541)\n\tat org.openqa.selenium.remote.ElementLocation$ElementFinder$2.findElement(ElementLocation.java:162)\n\tat org.openqa.selenium.remote.ElementLocation.findElement(ElementLocation.java:60)\n\tat org.openqa.selenium.remote.RemoteWebDriver.findElement(RemoteWebDriver.java:365)\n\tat org.openqa.selenium.remote.RemoteWebDriver.findElement(RemoteWebDriver.java:357)\n\tat org.openqa.selenium.support.pagefactory.DefaultElementLocator.findElement(DefaultElementLocator.java:70)\n\tat org.openqa.selenium.support.pagefactory.internal.LocatingElementHandler.invoke(LocatingElementHandler.java:39)\n\tat com.sun.proxy.$Proxy22.click(Unknown Source)\n\tat stepDefinitions.StepDefinitionsTestCase01.clickOnSignupLoginButton(StepDefinitionsTestCase01.java:47)\n\tat ✽.Click on Signup Login button(file:///Users/suedagulenc/Desktop/SOFTWARE%20DEVELOPMENT%20IN%20TEST/PROJECTS/AutomationExercise/src/test/resources/features/TestCase03.feature:8)\n","duration":15034201000,"status":"failed"},"line":8,"name":"Click on Signup Login button","match":{"location":"stepDefinitions.StepDefinitionsTestCase01.clickOnSignupLoginButton()"},"keyword":"Then "},{"result":{"duration":251000,"status":"skipped"},"line":9,"name":"Verify Login to your account is visible","match":{"location":"stepDefinitions.StepDefinitionsTestCase03.verifyLoginToYourAccountIsVisible()"},"keyword":"And "},{"result":{"duration":110000,"status":"skipped"},"line":10,"name":"Enter incorrect email address and password","match":{"location":"stepDefinitions.StepDefinitionsTestCase03.enterIncorrectEmailAddressAndPassword()"},"keyword":"And "},{"result":{"duration":105000,"status":"skipped"},"line":11,"name":"Click login button","match":{"location":"stepDefinitions.StepDefinitionsTestCase03.clickLoginButton()"},"keyword":"And "},{"result":{"duration":134000,"status":"skipped"},"line":12,"name":"Verify error Your email or password is incorrect is visible","match":{"location":"stepDefinitions.StepDefinitionsTestCase03.verifyErrorYourEmailOrPasswordIsIncorrectIsVisible()"},"keyword":"And "}],"tags":[{"name":"@Ozan"},{"name":"@TC03"}]}],"name":"TestCase03","description":"","id":"testcase03","keyword":"Feature","uri":"file:src/test/resources/features/TestCase03.feature","tags":[{"name":"@Ozan","type":"Tag","location":{"line":1,"column":1}},{"name":"@TC03","type":"Tag","location":{"line":2,"column":1}}]}]